[debug] [2022-08-21T23:00:23.702Z] ----------------------------------------------------------------------
[debug] [2022-08-21T23:00:23.704Z] Command:       C:\Program Files\nodejs\node.exe C:\Users\301wi\AppData\Roaming\npm\node_modules\firebase-tools\lib\bin\firebase.js emulators:start
[debug] [2022-08-21T23:00:23.704Z] CLI Version:   11.7.0
[debug] [2022-08-21T23:00:23.704Z] Platform:      win32
[debug] [2022-08-21T23:00:23.704Z] Node Version:  v17.5.0
[debug] [2022-08-21T23:00:23.705Z] Time:          Mon Aug 22 2022 00:00:23 GMT+0100 (West Africa Standard Time)
[debug] [2022-08-21T23:00:23.705Z] ----------------------------------------------------------------------
[debug] 
[debug] [2022-08-21T23:00:23.828Z] > command requires scopes: ["email","openid","https://www.googleapis.com/auth/cloudplatformprojects.readonly","https://www.googleapis.com/auth/firebase","https://www.googleapis.com/auth/cloud-platform"]
[debug] [2022-08-21T23:00:23.828Z] > authorizing via signed-in user (specialsammy12@gmail.com)
[info] i  emulators: Starting emulators: hosting {"metadata":{"emulator":{"name":"hub"},"message":"Starting emulators: hosting"}}
[debug] [2022-08-21T23:00:23.872Z] [hub] writing locator at C:\Users\301wi\AppData\Local\Temp\hub-find-the-match-19da9.json
[debug] [2022-08-21T23:00:23.884Z] >>> [apiv2][query] GET https://firebasehosting.googleapis.com/v1beta1/projects/find-the-match-19da9/sites 
[debug] [2022-08-21T23:00:25.752Z] <<< [apiv2][status] GET https://firebasehosting.googleapis.com/v1beta1/projects/find-the-match-19da9/sites 200
[debug] [2022-08-21T23:00:25.752Z] <<< [apiv2][body] GET https://firebasehosting.googleapis.com/v1beta1/projects/find-the-match-19da9/sites {"sites":[{"name":"projects/find-the-match-19da9/sites/find-the-match-19da9","defaultUrl":"https://find-the-match-19da9.web.app","appId":"1:68949803494:web:06936d3866f17318341627","type":"DEFAULT_SITE"}]}
[debug] [2022-08-21T23:00:25.753Z] >>> [apiv2][query] GET https://firebase.googleapis.com/v1beta1/projects/find-the-match-19da9/webApps/1:68949803494:web:06936d3866f17318341627/config [none]
[debug] [2022-08-21T23:00:27.098Z] <<< [apiv2][status] GET https://firebase.googleapis.com/v1beta1/projects/find-the-match-19da9/webApps/1:68949803494:web:06936d3866f17318341627/config 200
[debug] [2022-08-21T23:00:27.098Z] <<< [apiv2][body] GET https://firebase.googleapis.com/v1beta1/projects/find-the-match-19da9/webApps/1:68949803494:web:06936d3866f17318341627/config {"projectId":"find-the-match-19da9","appId":"1:68949803494:web:06936d3866f17318341627","storageBucket":"find-the-match-19da9.appspot.com","locationId":"us-central","apiKey":"AIzaSyABV57cyW24vi84nThkEjqg0K4WhFIqFTQ","authDomain":"find-the-match-19da9.firebaseapp.com","messagingSenderId":"68949803494"}
[info] i  hosting: Serving hosting files from: y {"metadata":{"emulator":{"name":"hosting"},"message":"Serving hosting files from: \u001b[1my\u001b[22m"}}
[info] +  hosting: Local server: http://localhost:5000 {"metadata":{"emulator":{"name":"hosting"},"message":"Local server: \u001b[4m\u001b[1mhttp://localhost:5000\u001b[22m\u001b[24m"}}
[warn] !  emulators: The Emulator UI is not starting, either because none of the emulated products have an interaction layer in Emulator UI or it cannot determine the Project ID. Pass the --project flag to specify a project. {"metadata":{"emulator":{"name":"hub"},"message":"The Emulator UI is not starting, either because none of the emulated products have an interaction layer in Emulator UI or it cannot determine the Project ID. Pass the --project flag to specify a project."}}
[info] 
┌─────────────────────────────────────────────────────────────┐
│ ✔  All emulators ready! It is now safe to connect your app. │
└─────────────────────────────────────────────────────────────┘

┌──────────┬────────────────┐
│ Emulator │ Host:Port      │
├──────────┼────────────────┤
│ Hosting  │ localhost:5000 │
└──────────┴────────────────┘
  Emulator Hub running at localhost:4400
  Other reserved ports: 4500

Issues? Report them at https://github.com/firebase/firebase-tools/issues and attach the *-debug.log files.
 
[debug] [2022-08-21T23:02:33.767Z] Received signal SIGHUP 1
